# JRE version: OpenJDK Runtime Environment (8.0_112-b06) (build 1.8.0_112-release-b06)
# Java VM: OpenJDK 64-Bit Server VM (25.112-b06 mixed mode windows-amd64 compressed oops)
Heap:
 PSYoungGen      total 239616K, used 171265K [0x00000000e0000000, 0x00000000f1280000, 0x0000000100000000)
  eden space 226816K, 70% used [0x00000000e0000000,0x00000000e9b1b230,0x00000000edd80000)
  from space 12800K, 97% used [0x00000000f0600000,0x00000000f1225370,0x00000000f1280000)
  to   space 27136K, 0% used [0x00000000edd80000,0x00000000edd80000,0x00000000ef800000)
 ParOldGen       total 126976K, used 50480K [0x00000000a0000000, 0x00000000a7c00000, 0x00000000e0000000)
  object space 126976K, 39% used [0x00000000a0000000,0x00000000a314c0a0,0x00000000a7c00000)
 Metaspace       used 61468K, capacity 64680K, committed 64856K, reserved 1105920K
  class space    used 8083K, capacity 8676K, committed 8792K, reserved 1048576K
GC Heap History (10 events):
Event: 69.003 GC heap before
{Heap before GC invocations=11 (full 2):
 PSYoungGen      total 218624K, used 203419K [0x00000000e0000000, 0x00000000f0280000, 0x0000000100000000)
  eden space 202752K, 92% used [0x00000000e0000000,0x00000000eb726c38,0x00000000ec600000)
  from space 15872K, 100% used [0x00000000edb00000,0x00000000eea80000,0x00000000eea80000)
  to   space 21504K, 0% used [0x00000000ec600000,0x00000000ec600000,0x00000000edb00000)
 ParOldGen       total 73728K, used 24549K [0x00000000a0000000, 0x00000000a4800000, 0x00000000e0000000)
  object space 73728K, 33% used [0x00000000a0000000,0x00000000a17f94d8,0x00000000a4800000)
 Metaspace       used 56527K, capacity 58782K, committed 58968K, reserved 1099776K
  class space    used 7663K, capacity 8156K, committed 8280K, reserved 1048576K
Event: 69.143 GC heap after
Heap after GC invocations=11 (full 2):
 PSYoungGen      total 224256K, used 21504K [0x00000000e0000000, 0x00000000f3e80000, 0x0000000100000000)
  eden space 202752K, 0% used [0x00000000e0000000,0x00000000e0000000,0x00000000ec600000)
  from space 21504K, 100% used [0x00000000ec600000,0x00000000edb00000,0x00000000edb00000)
  to   space 30208K, 0% used [0x00000000f2100000,0x00000000f2100000,0x00000000f3e80000)
 ParOldGen       total 73728K, used 37547K [0x00000000a0000000, 0x00000000a4800000, 0x00000000e0000000)
  object space 73728K, 50% used [0x00000000a0000000,0x00000000a24aac38,0x00000000a4800000)
 Metaspace       used 56527K, capacity 58782K, committed 58968K, reserved 1099776K
  class space    used 7663K, capacity 8156K, committed 8280K, reserved 1048576K
}
Event: 69.143 GC heap before
{Heap before GC invocations=12 (full 3):
 PSYoungGen      total 224256K, used 21504K [0x00000000e0000000, 0x00000000f3e80000, 0x0000000100000000)
  eden space 202752K, 0% used [0x00000000e0000000,0x00000000e0000000,0x00000000ec600000)
  from space 21504K, 100% used [0x00000000ec600000,0x00000000edb00000,0x00000000edb00000)
  to   space 30208K, 0% used [0x00000000f2100000,0x00000000f2100000,0x00000000f3e80000)
 ParOldGen       total 73728K, used 37547K [0x00000000a0000000, 0x00000000a4800000, 0x00000000e0000000)
  object space 73728K, 50% used [0x00000000a0000000,0x00000000a24aac38,0x00000000a4800000)
 Metaspace       used 56527K, capacity 58782K, committed 58968K, reserved 1099776K
  class space    used 7663K, capacity 8156K, committed 8280K, reserved 1048576K
Event: 70.210 GC heap after
Heap after GC invocations=12 (full 3):
 PSYoungGen      total 224256K, used 0K [0x00000000e0000000, 0x00000000f3e80000, 0x0000000100000000)
  eden space 202752K, 0% used [0x00000000e0000000,0x00000000e0000000,0x00000000ec600000)
  from space 21504K, 0% used [0x00000000ec600000,0x00000000ec600000,0x00000000edb00000)
  to   space 30208K, 0% used [0x00000000f2100000,0x00000000f2100000,0x00000000f3e80000)
 ParOldGen       total 126976K, used 50456K [0x00000000a0000000, 0x00000000a7c00000, 0x00000000e0000000)
  object space 126976K, 39% used [0x00000000a0000000,0x00000000a31460a0,0x00000000a7c00000)
 Metaspace       used 56527K, capacity 58782K, committed 58968K, reserved 1099776K
  class space    used 7663K, capacity 8156K, committed 8280K, reserved 1048576K
}
Event: 220.688 GC heap before
{Heap before GC invocations=13 (full 3):
 PSYoungGen      total 224256K, used 202752K [0x00000000e0000000, 0x00000000f3e80000, 0x0000000100000000)
  eden space 202752K, 100% used [0x00000000e0000000,0x00000000ec600000,0x00000000ec600000)
  from space 21504K, 0% used [0x00000000ec600000,0x00000000ec600000,0x00000000edb00000)
  to   space 30208K, 0% used [0x00000000f2100000,0x00000000f2100000,0x00000000f3e80000)
 ParOldGen       total 126976K, used 50456K [0x00000000a0000000, 0x00000000a7c00000, 0x00000000e0000000)
  object space 126976K, 39% used [0x00000000a0000000,0x00000000a31460a0,0x00000000a7c00000)
 Metaspace       used 57819K, capacity 60572K, committed 60888K, reserved 1101824K
  class space    used 7764K, capacity 8298K, committed 8408K, reserved 1048576K
Event: 220.717 GC heap after
Heap after GC invocations=13 (full 3):
 PSYoungGen      total 253952K, used 7056K [0x00000000e0000000, 0x00000000f2900000, 0x0000000100000000)
  eden space 245760K, 0% used [0x00000000e0000000,0x00000000e0000000,0x00000000ef000000)
  from space 8192K, 86% used [0x00000000f2100000,0x00000000f27e4030,0x00000000f2900000)
  to   space 29184K, 0% used [0x00000000ef000000,0x00000000ef000000,0x00000000f0c80000)
 ParOldGen       total 126976K, used 50464K [0x00000000a0000000, 0x00000000a7c00000, 0x00000000e0000000)
  object space 126976K, 39% used [0x00000000a0000000,0x00000000a31480a0,0x00000000a7c00000)
 Metaspace       used 57819K, capacity 60572K, committed 60888K, reserved 1101824K
  class space    used 7764K, capacity 8298K, committed 8408K, reserved 1048576K
}
Event: 7855.393 GC heap before
{Heap before GC invocations=14 (full 3):
 PSYoungGen      total 253952K, used 252807K [0x00000000e0000000, 0x00000000f2900000, 0x0000000100000000)
  eden space 245760K, 99% used [0x00000000e0000000,0x00000000eeffdce8,0x00000000ef000000)
  from space 8192K, 86% used [0x00000000f2100000,0x00000000f27e4030,0x00000000f2900000)
  to   space 29184K, 0% used [0x00000000ef000000,0x00000000ef000000,0x00000000f0c80000)
 ParOldGen       total 126976K, used 50464K [0x00000000a0000000, 0x00000000a7c00000, 0x00000000e0000000)
  object space 126976K, 39% used [0x00000000a0000000,0x00000000a31480a0,0x00000000a7c00000)
 Metaspace       used 58618K, capacity 61536K, committed 61656K, reserved 1101824K
  class space    used 7828K, capacity 8406K, committed 8408K, reserved 1048576K
Event: 7855.461 GC heap after
Heap after GC invocations=14 (full 3):
 PSYoungGen      total 244224K, used 8112K [0x00000000e0000000, 0x00000000f2180000, 0x0000000100000000)
  eden space 236032K, 0% used [0x00000000e0000000,0x00000000e0000000,0x00000000ee680000)
  from space 8192K, 99% used [0x00000000ef000000,0x00000000ef7ec010,0x00000000ef800000)
  to   space 28160K, 0% used [0x00000000f0600000,0x00000000f0600000,0x00000000f2180000)
 ParOldGen       total 126976K, used 50472K [0x00000000a0000000, 0x00000000a7c00000, 0x00000000e0000000)
  object space 126976K, 39% used [0x00000000a0000000,0x00000000a314a0a0,0x00000000a7c00000)
 Metaspace       used 58618K, capacity 61536K, committed 61656K, reserved 1101824K
  class space    used 7828K, capacity 8406K, committed 8408K, reserved 1048576K
}
Event: 8097.594 GC heap before
{Heap before GC invocations=15 (full 3):
 PSYoungGen      total 244224K, used 244144K [0x00000000e0000000, 0x00000000f2180000, 0x0000000100000000)
  eden space 236032K, 100% used [0x00000000e0000000,0x00000000ee680000,0x00000000ee680000)
  from space 8192K, 99% used [0x00000000ef000000,0x00000000ef7ec010,0x00000000ef800000)
  to   space 28160K, 0% used [0x00000000f0600000,0x00000000f0600000,0x00000000f2180000)
 ParOldGen       total 126976K, used 50472K [0x00000000a0000000, 0x00000000a7c00000, 0x00000000e0000000)
  object space 126976K, 39% used [0x00000000a0000000,0x00000000a314a0a0,0x00000000a7c00000)
 Metaspace       used 60688K, capacity 63944K, committed 64216K, reserved 1105920K
  class space    used 8025K, capacity 8644K, committed 8664K, reserved 1048576K
Event: 8097.640 GC heap after
Heap after GC invocations=15 (full 3):
 PSYoungGen      total 239616K, used 12436K [0x00000000e0000000, 0x00000000f1280000, 0x0000000100000000)
  eden space 226816K, 0% used [0x00000000e0000000,0x00000000e0000000,0x00000000edd80000)
  from space 12800K, 97% used [0x00000000f0600000,0x00000000f1225370,0x00000000f1280000)
  to   space 27136K, 0% used [0x00000000edd80000,0x00000000edd80000,0x00000000ef800000)
 ParOldGen       total 126976K, used 50480K [0x00000000a0000000, 0x00000000a7c00000, 0x00000000e0000000)
  object space 126976K, 39% used [0x00000000a0000000,0x00000000a314c0a0,0x00000000a7c00000)
 Metaspace       used 60688K, capacity 63944K, committed 64216K, reserved 1105920K
  class space    used 8025K, capacity 8644K, committed 8664K, reserved 1048576K
}

